1-2-2023 0.000000
0.000000
6.900000
8.200000
9.300000
8.700000
6.500000
3.700000
1.100000
1.700000
2.300000
4.000000
6.600000
6.800000
6.100000
6.500000
7.200000
0.000000
0.300000
0.300000
3.400000
0.800000
0.000000
0.030000
0.000000
0.130000
0.000000
0.000000
0.000000
0.000000
0.000000
0.000000
1-2-2023 0.000000
0.000000
6.900000
8.200000
9.300000
8.700000
6.500000
3.700000
1.100000
1.700000
2.300000
4.000000
6.600000
6.800000
6.100000
6.500000
7.200000
0.000000
0.300000
0.300000
3.400000
0.800000
0.000000
0.030000
0.000000
0.130000
0.000000
0.000000
0.000000
0.000000
0.000000
0.000000
1-2-2023 0.000000
0.000000
6.900000
8.200000
9.300000
8.700000
6.500000
3.700000
1.100000
1.700000
2.300000
4.000000
6.600000
6.800000
6.100000
6.500000
7.200000
0.000000
0.300000
0.300000
3.400000
0.800000
0.000000
0.030000
0.000000
0.130000
0.000000
0.000000
0.000000
0.000000
0.000000
0.000000
1-2-2023 0.000000
0.000000
6.900000
8.200000
9.300000
8.700000
6.500000
3.700000
1.100000
1.700000
2.300000
4.000000
6.600000
6.800000
6.100000
6.500000
7.200000
0.000000
0.300000
0.300000
3.400000
0.800000
0.000000
0.030000
0.000000
0.130000
0.000000
0.000000
0.000000
0.000000
0.000000
0.000000
